<?xml version="1.0" encoding="UTF-8"?>
<!-- Generated by org.testng.reporters.JUnitReportReporter -->
<testsuite hostname="11236-LAP-0085" failures="0" tests="1" name="TestCases.TestCases" time="58.955" errors="0" timestamp="2023-09-22T16:54:16 IST" skipped="0">
  <testcase classname="TestCases.TestCases" name="verifyAddEvent" time="58.955"/>
</testsuite> <!-- TestCases.TestCases -->
